#
# There is insufficient memory for the Java Runtime Environment to continue.
# Native memory allocation (malloc) failed to allocate 32744 bytes for ChunkPool::allocate
# Possible reasons:
#   The system is out of physical RAM or swap space
#   The process is running with CompressedOops enabled, and the Java Heap may be blocking the growth of the native heap
# Possible solutions:
#   Reduce memory load on the system
#   Increase physical memory or swap space
#   Check if swap backing store is full
#   Decrease Java heap size (-Xmx/-Xms)
#   Decrease number of Java threads
#   Decrease Java thread stack sizes (-Xss)
#   Set larger code cache with -XX:ReservedCodeCacheSize=
#   JVM is running with Unscaled Compressed Oops mode in which the Java heap is
#     placed in the first 4GB address space. The Java Heap base address is the
#     maximum limit for the native heap growth. Please use -XX:HeapBaseMinAddress
#     to set the Java Heap base and to place the Java Heap above 4GB virtual address.
# This output file may be truncated or incomplete.
#
#  Out of Memory Error (allocation.cpp:272), pid=21992, tid=0x0000000000005ac0
#
# JRE version: Java(TM) SE Runtime Environment (8.0_241-b07) (build 1.8.0_241-b07)
# Java VM: Java HotSpot(TM) 64-Bit Server VM (25.241-b07 mixed mode windows-amd64 compressed oops)
# Failed to write core dump. Minidumps are not enabled by default on client versions of Windows
#

---------------  T H R E A D  ---------------

Current thread (0x00000000153a1800):  JavaThread "C2 CompilerThread0" daemon [_thread_in_native, id=23232, stack(0x0000000016a30000,0x0000000016b30000)]

Stack: [0x0000000016a30000,0x0000000016b30000]
[error occurred during error reporting (printing stack bounds), id 0xc0000005]

Native frames: (J=compiled Java code, j=interpreted, Vv=VM code, C=native code)


Current CompileTask:
C2: 248448 6229       4       org.springframework.transaction.interceptor.AbstractFallbackTransactionAttributeSource::getTransactionAttribute (173 bytes)


---------------  P R O C E S S  ---------------

Java Threads: ( => current thread )
  0x0000000019ef4000 JavaThread "DestroyJavaVM" [_thread_blocked, id=17668, stack(0x0000000002b00000,0x0000000002c00000)]
  0x0000000019ef3800 JavaThread "http-nio-8090-Acceptor" daemon [_thread_in_native, id=23960, stack(0x0000000020fd0000,0x00000000210d0000)]
  0x0000000019ef5800 JavaThread "http-nio-8090-ClientPoller" daemon [_thread_in_native, id=23008, stack(0x0000000020ed0000,0x0000000020fd0000)]
  0x0000000019ef2800 JavaThread "http-nio-8090-exec-10" daemon [_thread_blocked, id=24132, stack(0x0000000020cd0000,0x0000000020dd0000)]
  0x0000000019ef2000 JavaThread "http-nio-8090-exec-9" daemon [_thread_blocked, id=22772, stack(0x0000000020bd0000,0x0000000020cd0000)]
  0x0000000019ef1000 JavaThread "http-nio-8090-exec-8" daemon [_thread_blocked, id=6316, stack(0x0000000020ad0000,0x0000000020bd0000)]
  0x0000000019ef7000 JavaThread "http-nio-8090-exec-7" daemon [_thread_blocked, id=21664, stack(0x00000000209d0000,0x0000000020ad0000)]
  0x0000000019ef0800 JavaThread "http-nio-8090-exec-6" daemon [_thread_blocked, id=19936, stack(0x00000000208d0000,0x00000000209d0000)]
  0x0000000019ef5000 JavaThread "http-nio-8090-exec-5" daemon [_thread_blocked, id=9372, stack(0x00000000207d0000,0x00000000208d0000)]
  0x000000001abda000 JavaThread "http-nio-8090-exec-4" daemon [_thread_blocked, id=5532, stack(0x00000000206d0000,0x00000000207d0000)]
  0x000000001b317000 JavaThread "http-nio-8090-exec-3" daemon [_thread_in_vm, id=17484, stack(0x00000000205d0000,0x00000000206d0000)]
  0x000000001bd95000 JavaThread "http-nio-8090-exec-2" daemon [_thread_blocked, id=8484, stack(0x00000000204d0000,0x00000000205d0000)]
  0x000000001caf7000 JavaThread "http-nio-8090-exec-1" daemon [_thread_blocked, id=7860, stack(0x00000000203d0000,0x00000000204d0000)]
  0x000000001b948000 JavaThread "http-nio-8090-BlockPoller" daemon [_thread_in_native, id=5604, stack(0x000000001f200000,0x000000001f300000)]
  0x000000001b559000 JavaThread "HikariPool-1 housekeeper" daemon [_thread_blocked, id=6028, stack(0x000000001e800000,0x000000001e900000)]
  0x000000001a0ac800 JavaThread "mysql-cj-abandoned-connection-cleanup" daemon [_thread_blocked, id=6192, stack(0x000000001e700000,0x000000001e800000)]
  0x000000001b81e800 JavaThread "container-0" [_thread_blocked, id=24536, stack(0x000000001e900000,0x000000001ea00000)]
  0x000000001bfb3800 JavaThread "Catalina-utility-2" [_thread_blocked, id=1596, stack(0x000000001d620000,0x000000001d720000)]
  0x000000001a417800 JavaThread "Catalina-utility-1" [_thread_blocked, id=5276, stack(0x0000000017ca0000,0x0000000017da0000)]
  0x0000000016d60800 JavaThread "Service Thread" daemon [_thread_blocked, id=5188, stack(0x0000000017130000,0x0000000017230000)]
  0x00000000153b4000 JavaThread "C1 CompilerThread2" daemon [_thread_blocked, id=23156, stack(0x0000000016c30000,0x0000000016d30000)]
  0x00000000153ad000 JavaThread "C2 CompilerThread1" daemon [_thread_in_native, id=18276, stack(0x0000000016b30000,0x0000000016c30000)]
=>0x00000000153a1800 JavaThread "C2 CompilerThread0" daemon [_thread_in_native, id=23232, stack(0x0000000016a30000,0x0000000016b30000)]
  0x00000000153a0000 JavaThread "Attach Listener" daemon [_thread_blocked, id=21264, stack(0x0000000016930000,0x0000000016a30000)]
  0x000000001539e800 JavaThread "Signal Dispatcher" daemon [_thread_blocked, id=22000, stack(0x0000000016830000,0x0000000016930000)]
  0x000000001538c800 JavaThread "Finalizer" daemon [_thread_blocked, id=22148, stack(0x0000000016600000,0x0000000016700000)]
  0x0000000002dc4800 JavaThread "Reference Handler" daemon [_thread_blocked, id=20908, stack(0x0000000016500000,0x0000000016600000)]

Other Threads:
  0x0000000015368000 VMThread [stack: 0x0000000016400000,0x0000000016500000] [id=13636]
  0x0000000016d92800 WatcherThread [stack: 0x0000000017230000,0x0000000017330000] [id=13608]

VM state:not at safepoint (normal execution)

VM Mutex/Monitor currently owned by a thread: None

heap address: 0x00000000c1c00000, size: 996 MB, Compressed Oops mode: 32-bit
Narrow klass base: 0x0000000000000000, Narrow klass shift: 3
Compressed class space size: 1073741824 Address: 0x0000000100000000

Heap:
 PSYoungGen      total 172544K, used 2567K [0x00000000eb400000, 0x00000000fa180000, 0x0000000100000000)
  eden space 157184K, 1% used [0x00000000eb400000,0x00000000eb681df0,0x00000000f4d80000)
  from space 15360K, 0% used [0x00000000f4d80000,0x00000000f4d80000,0x00000000f5c80000)
  to   space 14848K, 0% used [0x00000000f9300000,0x00000000f9300000,0x00000000fa180000)
 ParOldGen       total 68096K, used 22453K [0x00000000c1c00000, 0x00000000c5e80000, 0x00000000eb400000)
  object space 68096K, 32% used [0x00000000c1c00000,0x00000000c31ed408,0x00000000c5e80000)
 Metaspace       used 56070K, capacity 59076K, committed 59136K, reserved 1099776K
  class space    used 7640K, capacity 8136K, committed 8192K, reserved 1048576K

Card table byte_map: [0x0000000012190000,0x0000000012390000] byte_map_base: 0x0000000011b82000

Marking Bits: (ParMarkBitMap*) 0x0000000059f6be30
 Begin Bits: [0x00000000128e0000, 0x0000000013870000)
 End Bits:   [0x0000000013870000, 0x0000000014800000)

Polling page: 0x0000000002c00000

CodeCache: size=245760Kb used=18615Kb max_used=19231Kb free=227144Kb
 bounds [0x0000000002dd0000, 0x00000000040b0000, 0x0000000011dd0000]
 total_blobs=6077 nmethods=5538 adapters=450
 compilation: enabled

Compilation events (10 events):
Event: 248.252 Thread 0x00000000153a1800 nmethod 6224 0x0000000003046190 code [0x00000000030462e0, 0x00000000030467a8]
Event: 248.252 Thread 0x00000000153b4000 6225       3       org.springframework.boot.web.server.WebServerFactoryCustomizerBeanPostProcessor::postProcessBeforeInitialization (17 bytes)
Event: 248.255 Thread 0x00000000153b4000 nmethod 6225 0x000000000364d4d0 code [0x000000000364d7e0, 0x000000000364f048]
Event: 248.257 Thread 0x00000000153b4000 6226       3       org.springframework.boot.web.server.ErrorPageRegistrarBeanPostProcessor::postProcessBeforeInitialization (17 bytes)
Event: 248.257 Thread 0x00000000153b4000 nmethod 6226 0x00000000030d9a10 code [0x00000000030d9b80, 0x00000000030d9f68]
Event: 248.259 Thread 0x00000000153b4000 6227       3       org.springframework.boot.autoconfigure.orm.jpa.DataSourceInitializedPublisher::postProcessBeforeInitialization (50 bytes)
Event: 248.260 Thread 0x00000000153b4000 nmethod 6227 0x0000000003045490 code [0x0000000003045620, 0x0000000003045d28]
Event: 248.260 Thread 0x00000000153a1800 6229       4       org.springframework.transaction.interceptor.AbstractFallbackTransactionAttributeSource::getTransactionAttribute (173 bytes)
Event: 248.261 Thread 0x00000000153b4000 6228       3       org.springframework.data.web.config.ProjectingArgumentResolverRegistrar$ProjectingArgumentResolverBeanPostProcessor::postProcessBeforeInitialization (2 bytes)
Event: 248.261 Thread 0x00000000153b4000 nmethod 6228 0x0000000003002e10 code [0x0000000003002f60, 0x00000000030030b0]

GC Heap History (10 events):
Event: 9.268 GC heap before
{Heap before GC invocations=12 (full 2):
 PSYoungGen      total 123392K, used 7244K [0x00000000eb400000, 0x00000000f4980000, 0x0000000100000000)
  eden space 112640K, 0% used [0x00000000eb400000,0x00000000eb400000,0x00000000f2200000)
  from space 10752K, 67% used [0x00000000f2c80000,0x00000000f33931a8,0x00000000f3700000)
  to   space 10752K, 0% used [0x00000000f2200000,0x00000000f2200000,0x00000000f2c80000)
 ParOldGen       total 36352K, used 10901K [0x00000000c1c00000, 0x00000000c3f80000, 0x00000000eb400000)
  object space 36352K, 29% used [0x00000000c1c00000,0x00000000c26a5470,0x00000000c3f80000)
 Metaspace       used 33674K, capacity 35396K, committed 35496K, reserved 1079296K
  class space    used 4461K, capacity 4796K, committed 4864K, reserved 1048576K
Event: 9.361 GC heap after
Heap after GC invocations=12 (full 2):
 PSYoungGen      total 123392K, used 0K [0x00000000eb400000, 0x00000000f4980000, 0x0000000100000000)
  eden space 112640K, 0% used [0x00000000eb400000,0x00000000eb400000,0x00000000f2200000)
  from space 10752K, 0% used [0x00000000f2c80000,0x00000000f2c80000,0x00000000f3700000)
  to   space 10752K, 0% used [0x00000000f2200000,0x00000000f2200000,0x00000000f2c80000)
 ParOldGen       total 47104K, used 11908K [0x00000000c1c00000, 0x00000000c4a00000, 0x00000000eb400000)
  object space 47104K, 25% used [0x00000000c1c00000,0x00000000c27a1050,0x00000000c4a00000)
 Metaspace       used 33674K, capacity 35396K, committed 35496K, reserved 1079296K
  class space    used 4461K, capacity 4796K, committed 4864K, reserved 1048576K
}
Event: 17.074 GC heap before
{Heap before GC invocations=13 (full 2):
 PSYoungGen      total 123392K, used 112640K [0x00000000eb400000, 0x00000000f4980000, 0x0000000100000000)
  eden space 112640K, 100% used [0x00000000eb400000,0x00000000f2200000,0x00000000f2200000)
  from space 10752K, 0% used [0x00000000f2c80000,0x00000000f2c80000,0x00000000f3700000)
  to   space 10752K, 0% used [0x00000000f2200000,0x00000000f2200000,0x00000000f2c80000)
 ParOldGen       total 47104K, used 11908K [0x00000000c1c00000, 0x00000000c4a00000, 0x00000000eb400000)
  object space 47104K, 25% used [0x00000000c1c00000,0x00000000c27a1050,0x00000000c4a00000)
 Metaspace       used 48123K, capacity 50094K, committed 50560K, reserved 1093632K
  class space    used 6625K, capacity 6957K, committed 7040K, reserved 1048576K
Event: 17.190 GC heap after
Heap after GC invocations=13 (full 2):
 PSYoungGen      total 123392K, used 10733K [0x00000000eb400000, 0x00000000f6d80000, 0x0000000100000000)
  eden space 112640K, 0% used [0x00000000eb400000,0x00000000eb400000,0x00000000f2200000)
  from space 10752K, 99% used [0x00000000f2200000,0x00000000f2c7b540,0x00000000f2c80000)
  to   space 14336K, 0% used [0x00000000f5f80000,0x00000000f5f80000,0x00000000f6d80000)
 ParOldGen       total 47104K, used 17398K [0x00000000c1c00000, 0x00000000c4a00000, 0x00000000eb400000)
  object space 47104K, 36% used [0x00000000c1c00000,0x00000000c2cfdb00,0x00000000c4a00000)
 Metaspace       used 48123K, capacity 50094K, committed 50560K, reserved 1093632K
  class space    used 6625K, capacity 6957K, committed 7040K, reserved 1048576K
}
Event: 23.006 GC heap before
{Heap before GC invocations=14 (full 2):
 PSYoungGen      total 123392K, used 123373K [0x00000000eb400000, 0x00000000f6d80000, 0x0000000100000000)
  eden space 112640K, 100% used [0x00000000eb400000,0x00000000f2200000,0x00000000f2200000)
  from space 10752K, 99% used [0x00000000f2200000,0x00000000f2c7b540,0x00000000f2c80000)
  to   space 14336K, 0% used [0x00000000f5f80000,0x00000000f5f80000,0x00000000f6d80000)
 ParOldGen       total 47104K, used 17398K [0x00000000c1c00000, 0x00000000c4a00000, 0x00000000eb400000)
  object space 47104K, 36% used [0x00000000c1c00000,0x00000000c2cfdb00,0x00000000c4a00000)
 Metaspace       used 52791K, capacity 55434K, committed 55552K, reserved 1097728K
  class space    used 7210K, capacity 7657K, committed 7680K, reserved 1048576K
Event: 23.029 GC heap after
Heap after GC invocations=14 (full 2):
 PSYoungGen      total 169472K, used 11164K [0x00000000eb400000, 0x00000000f6b80000, 0x0000000100000000)
  eden space 157184K, 0% used [0x00000000eb400000,0x00000000eb400000,0x00000000f4d80000)
  from space 12288K, 90% used [0x00000000f5f80000,0x00000000f6a672c8,0x00000000f6b80000)
  to   space 15360K, 0% used [0x00000000f4d80000,0x00000000f4d80000,0x00000000f5c80000)
 ParOldGen       total 47104K, used 17406K [0x00000000c1c00000, 0x00000000c4a00000, 0x00000000eb400000)
  object space 47104K, 36% used [0x00000000c1c00000,0x00000000c2cffb00,0x00000000c4a00000)
 Metaspace       used 52791K, capacity 55434K, committed 55552K, reserved 1097728K
  class space    used 7210K, capacity 7657K, committed 7680K, reserved 1048576K
}
Event: 247.272 GC heap before
{Heap before GC invocations=15 (full 2):
 PSYoungGen      total 169472K, used 69865K [0x00000000eb400000, 0x00000000f6b80000, 0x0000000100000000)
  eden space 157184K, 37% used [0x00000000eb400000,0x00000000eed53490,0x00000000f4d80000)
  from space 12288K, 90% used [0x00000000f5f80000,0x00000000f6a672c8,0x00000000f6b80000)
  to   space 15360K, 0% used [0x00000000f4d80000,0x00000000f4d80000,0x00000000f5c80000)
 ParOldGen       total 47104K, used 17406K [0x00000000c1c00000, 0x00000000c4a00000, 0x00000000eb400000)
  object space 47104K, 36% used [0x00000000c1c00000,0x00000000c2cffb00,0x00000000c4a00000)
 Metaspace       used 56067K, capacity 59076K, committed 59136K, reserved 1099776K
  class space    used 7639K, capacity 8136K, committed 8192K, reserved 1048576K
Event: 247.417 GC heap after
Heap after GC invocations=15 (full 2):
 PSYoungGen      total 172544K, used 5361K [0x00000000eb400000, 0x00000000fa180000, 0x0000000100000000)
  eden space 157184K, 0% used [0x00000000eb400000,0x00000000eb400000,0x00000000f4d80000)
  from space 15360K, 34% used [0x00000000f4d80000,0x00000000f52bc510,0x00000000f5c80000)
  to   space 14848K, 0% used [0x00000000f9300000,0x00000000f9300000,0x00000000fa180000)
 ParOldGen       total 47104K, used 25589K [0x00000000c1c00000, 0x00000000c4a00000, 0x00000000eb400000)
  object space 47104K, 54% used [0x00000000c1c00000,0x00000000c34fd658,0x00000000c4a00000)
 Metaspace       used 56067K, capacity 59076K, committed 59136K, reserved 1099776K
  class space    used 7639K, capacity 8136K, committed 8192K, reserved 1048576K
}
Event: 247.417 GC heap before
{Heap before GC invocations=16 (full 3):
 PSYoungGen      total 172544K, used 5361K [0x00000000eb400000, 0x00000000fa180000, 0x0000000100000000)
  eden space 157184K, 0% used [0x00000000eb400000,0x00000000eb400000,0x00000000f4d80000)
  from space 15360K, 34% used [0x00000000f4d80000,0x00000000f52bc510,0x00000000f5c80000)
  to   space 14848K, 0% used [0x00000000f9300000,0x00000000f9300000,0x00000000fa180000)
 ParOldGen       total 47104K, used 25589K [0x00000000c1c00000, 0x00000000c4a00000, 0x00000000eb400000)
  object space 47104K, 54% used [0x00000000c1c00000,0x00000000c34fd658,0x00000000c4a00000)
 Metaspace       used 56067K, capacity 59076K, committed 59136K, reserved 1099776K
  class space    used 7639K, capacity 8136K, committed 8192K, reserved 1048576K
Event: 248.243 GC heap after
Heap after GC invocations=16 (full 3):
 PSYoungGen      total 172544K, used 0K [0x00000000eb400000, 0x00000000fa180000, 0x0000000100000000)
  eden space 157184K, 0% used [0x00000000eb400000,0x00000000eb400000,0x00000000f4d80000)
  from space 15360K, 0% used [0x00000000f4d80000,0x00000000f4d80000,0x00000000f5c80000)
  to   space 14848K, 0% used [0x00000000f9300000,0x00000000f9300000,0x00000000fa180000)
 ParOldGen       total 68096K, used 22453K [0x00000000c1c00000, 0x00000000c5e80000, 0x00000000eb400000)
  object space 68096K, 32% used [0x00000000c1c00000,0x00000000c31ed408,0x00000000c5e80000)
 Metaspace       used 56067K, capacity 59076K, committed 59136K, reserved 1099776K
  class space    used 7639K, capacity 8136K, committed 8192K, reserved 1048576K
}

Deoptimization events (10 events):
Event: 24.207 Thread 0x0000000002cd4000 Uncommon trap: reason=class_check action=maybe_recompile pc=0x0000000003891718 method=org.springframework.core.annotation.TypeMappedAnnotations$MergedAnnotationFinder.process(Ljava/lang/Object;ILjava/lang/Object;Ljava/lang/annotation/Annotation;)Lorg/spri
Event: 24.324 Thread 0x0000000002cd4000 Uncommon trap: reason=unstable_if action=reinterpret pc=0x000000000387f9e4 method=org.springframework.core.annotation.AnnotationsScanner.isWithoutHierarchy(Ljava/lang/reflect/AnnotatedElement;Lorg/springframework/core/annotation/MergedAnnotations$SearchSt
Event: 24.368 Thread 0x0000000002cd4000 Uncommon trap: reason=unstable_if action=reinterpret pc=0x000000000334bc08 method=java.util.concurrent.ConcurrentHashMap.transfer([Ljava/util/concurrent/ConcurrentHashMap$Node;[Ljava/util/concurrent/ConcurrentHashMap$Node;)V @ 356
Event: 24.369 Thread 0x0000000002cd4000 Uncommon trap: reason=unstable_if action=reinterpret pc=0x00000000031d8258 method=java.util.concurrent.ConcurrentHashMap.transfer([Ljava/util/concurrent/ConcurrentHashMap$Node;[Ljava/util/concurrent/ConcurrentHashMap$Node;)V @ 356
Event: 24.369 Thread 0x0000000002cd4000 Uncommon trap: reason=unstable_if action=reinterpret pc=0x0000000003205f1c method=java.util.concurrent.ConcurrentHashMap.transfer([Ljava/util/concurrent/ConcurrentHashMap$Node;[Ljava/util/concurrent/ConcurrentHashMap$Node;)V @ 356
Event: 24.577 Thread 0x0000000002cd4000 Uncommon trap: reason=unstable_if action=reinterpret pc=0x0000000003ed1988 method=org.springframework.core.annotation.AnnotationsScanner.isWithoutHierarchy(Ljava/lang/reflect/AnnotatedElement;Lorg/springframework/core/annotation/MergedAnnotations$SearchSt
Event: 24.609 Thread 0x0000000002cd4000 Uncommon trap: reason=unstable_if action=reinterpret pc=0x00000000031ad6d8 method=org.springframework.util.ConcurrentReferenceHashMap$Segment.clear()V @ 7
Event: 28.251 Thread 0x000000001a417800 Uncommon trap: reason=bimorphic action=maybe_recompile pc=0x00000000034ac6a4 method=java.util.TreeMap.put(Ljava/lang/Object;Ljava/lang/Object;)Ljava/lang/Object; @ 68
Event: 28.251 Thread 0x000000001a417800 Uncommon trap: reason=bimorphic action=maybe_recompile pc=0x00000000034ac6a4 method=java.util.TreeMap.put(Ljava/lang/Object;Ljava/lang/Object;)Ljava/lang/Object; @ 68
Event: 248.244 Thread 0x0000000002dc4800 Uncommon trap: reason=unstable_if action=reinterpret pc=0x00000000034317f8 method=java.lang.ref.Reference.tryHandlePending(Z)Z @ 20

Classes redefined (0 events):
No events

Internal exceptions (10 events):
Event: 23.171 Thread 0x0000000002cd4000 Exception <a 'java/lang/ClassNotFoundException': org/springframework/web/servlet/config/annotation/WebMvcConfigurationSupportCustomizer> (0x00000000eb9317a8) thrown at [C:\ade\jenkins\workspace\8-2-build-windows-amd64-cygwin\jdk8u241\331\hotspot\src\share
Event: 23.172 Thread 0x0000000002cd4000 Exception <a 'java/lang/ClassNotFoundException': org/springframework/web/servlet/config/annotation/DelegatingWebMvcConfigurationCustomizer> (0x00000000eb95f848) thrown at [C:\ade\jenkins\workspace\8-2-build-windows-amd64-cygwin\jdk8u241\331\hotspot\src\sh
Event: 23.173 Thread 0x0000000002cd4000 Exception <a 'java/lang/ClassNotFoundException': org/springframework/boot/autoconfigure/web/servlet/WebMvcAutoConfiguration$EnableWebMvcConfigurationCustomizer> (0x00000000eb982278) thrown at [C:\ade\jenkins\workspace\8-2-build-windows-amd64-cygwin\jdk8u2
Event: 23.174 Thread 0x0000000002cd4000 Exception <a 'java/lang/ClassNotFoundException': org/springframework/context/ResourceLoaderAwareCustomizer> (0x00000000eb9a53c0) thrown at [C:\ade\jenkins\workspace\8-2-build-windows-amd64-cygwin\jdk8u241\331\hotspot\src\share\vm\classfile\systemDictionar
Event: 23.175 Thread 0x0000000002cd4000 Exception <a 'java/lang/ClassNotFoundException': org/springframework/beans/factory/AwareCustomizer> (0x00000000eb9b65e8) thrown at [C:\ade\jenkins\workspace\8-2-build-windows-amd64-cygwin\jdk8u241\331\hotspot\src\share\vm\classfile\systemDictionary.cpp, l
Event: 23.176 Thread 0x0000000002cd4000 Exception <a 'java/lang/ClassNotFoundException': org/springframework/context/ApplicationContextAwareCustomizer> (0x00000000eb9c9378) thrown at [C:\ade\jenkins\workspace\8-2-build-windows-amd64-cygwin\jdk8u241\331\hotspot\src\share\vm\classfile\systemDicti
Event: 23.177 Thread 0x0000000002cd4000 Exception <a 'java/lang/ClassNotFoundException': org/springframework/beans/factory/AwareCustomizer> (0x00000000eb9dab68) thrown at [C:\ade\jenkins\workspace\8-2-build-windows-amd64-cygwin\jdk8u241\331\hotspot\src\share\vm\classfile\systemDictionary.cpp, l
Event: 23.177 Thread 0x0000000002cd4000 Exception <a 'java/lang/ClassNotFoundException': org/springframework/web/context/ServletContextAwareCustomizer> (0x00000000eb9ed898) thrown at [C:\ade\jenkins\workspace\8-2-build-windows-amd64-cygwin\jdk8u241\331\hotspot\src\share\vm\classfile\systemDicti
Event: 23.178 Thread 0x0000000002cd4000 Exception <a 'java/lang/ClassNotFoundException': org/springframework/beans/factory/AwareCustomizer> (0x00000000eb9feaf8) thrown at [C:\ade\jenkins\workspace\8-2-build-windows-amd64-cygwin\jdk8u241\331\hotspot\src\share\vm\classfile\systemDictionary.cpp, l
Event: 24.364 Thread 0x0000000002cd4000 Exception <a 'java/lang/IncompatibleClassChangeError': Found class java.lang.Object, but interface was expected> (0x00000000ed922638) thrown at [C:\ade\jenkins\workspace\8-2-build-windows-amd64-cygwin\jdk8u241\331\hotspot\src\share\vm\interpreter\linkReso

Events (10 events):
Event: 248.257 Thread 0x00000000153b4000 flushing nmethod 0x0000000003b3b390
Event: 248.257 Thread 0x00000000153b4000 flushing nmethod 0x0000000003b46e10
Event: 248.257 Thread 0x00000000153b4000 flushing nmethod 0x0000000003b6ab50
Event: 248.258 Thread 0x00000000153b4000 flushing nmethod 0x0000000003b74d50
Event: 248.258 Thread 0x00000000153b4000 flushing nmethod 0x0000000003bd9f90
Event: 248.260 Thread 0x00000000153b4000 flushing nmethod 0x0000000003c59550
Event: 248.273 loading class org/springframework/web/servlet/support/SessionFlashMapManager
Event: 248.273 loading class org/springframework/web/servlet/support/SessionFlashMapManager done
Event: 248.366 loading class org/springframework/web/servlet/support/AbstractFlashMapManager
Event: 248.366 loading class org/springframework/web/servlet/support/AbstractFlashMapManager done


Dynamic libraries:
0x00007ff66bfb0000 - 0x00007ff66bfe7000 	C:\Program Files\Java\jre1.8.0_241\bin\javaw.exe
0x00007ffcc7380000 - 0x00007ffcc7570000 	C:\Windows\SYSTEM32\ntdll.dll
0x00007ffcc7280000 - 0x00007ffcc7332000 	C:\Windows\System32\KERNEL32.DLL
0x00007ffcc5080000 - 0x00007ffcc5323000 	C:\Windows\System32\KERNELBASE.dll
0x00007ffcc6420000 - 0x00007ffcc64c3000 	C:\Windows\System32\ADVAPI32.dll
0x00007ffcc5430000 - 0x00007ffcc54ce000 	C:\Windows\System32\msvcrt.dll
0x00007ffcc6770000 - 0x00007ffcc6807000 	C:\Windows\System32\sechost.dll
0x00007ffcc6300000 - 0x00007ffcc6420000 	C:\Windows\System32\RPCRT4.dll
0x00007ffcc5910000 - 0x00007ffcc5aa4000 	C:\Windows\System32\USER32.dll
0x00007ffcc4c60000 - 0x00007ffcc4c81000 	C:\Windows\System32\win32u.dll
0x00007ffcc5780000 - 0x00007ffcc57a6000 	C:\Windows\System32\GDI32.dll
0x00007ffcc4ee0000 - 0x00007ffcc5074000 	C:\Windows\System32\gdi32full.dll
0x00007ffcc4d70000 - 0x00007ffcc4e0e000 	C:\Windows\System32\msvcp_win.dll
0x00007ffcc5330000 - 0x00007ffcc542a000 	C:\Windows\System32\ucrtbase.dll
0x00007ffcc3750000 - 0x00007ffcc39d5000 	C:\Windows\WinSxS\amd64_microsoft.windows.common-controls_6595b64144ccf1df_6.0.18362.720_none_e6beb5c51314836b\COMCTL32.dll
0x00007ffcc6ee0000 - 0x00007ffcc7216000 	C:\Windows\System32\combase.dll
0x00007ffcc4a90000 - 0x00007ffcc4b10000 	C:\Windows\System32\bcryptPrimitives.dll
0x00007ffcc5680000 - 0x00007ffcc56ae000 	C:\Windows\System32\IMM32.DLL
0x000000005aa00000 - 0x000000005aad2000 	C:\Program Files\Java\jre1.8.0_241\bin\msvcr100.dll
0x0000000059740000 - 0x0000000059fec000 	C:\Program Files\Java\jre1.8.0_241\bin\server\jvm.dll
0x00007ffcc6760000 - 0x00007ffcc6768000 	C:\Windows\System32\PSAPI.DLL
0x00007ffcc0080000 - 0x00007ffcc00a4000 	C:\Windows\SYSTEM32\WINMM.dll
0x00007ffcc1920000 - 0x00007ffcc192a000 	C:\Windows\SYSTEM32\VERSION.dll
0x00007ffcc0050000 - 0x00007ffcc007d000 	C:\Windows\SYSTEM32\WINMMBASE.dll
0x00007ffcc4e10000 - 0x00007ffcc4e5a000 	C:\Windows\System32\cfgmgr32.dll
0x00007ffc8e970000 - 0x00007ffc8e979000 	C:\Windows\SYSTEM32\WSOCK32.dll
0x00007ffcc66f0000 - 0x00007ffcc675f000 	C:\Windows\System32\WS2_32.dll
0x00007ffcba7c0000 - 0x00007ffcba7cf000 	C:\Program Files\Java\jre1.8.0_241\bin\verify.dll
0x00007ffca20e0000 - 0x00007ffca2109000 	C:\Program Files\Java\jre1.8.0_241\bin\java.dll
0x00007ffca2770000 - 0x00007ffca2786000 	C:\Program Files\Java\jre1.8.0_241\bin\zip.dll
0x00007ffcc5ab0000 - 0x00007ffcc6195000 	C:\Windows\System32\SHELL32.dll
0x00007ffcc57d0000 - 0x00007ffcc5879000 	C:\Windows\System32\shcore.dll
0x00007ffcc4310000 - 0x00007ffcc4a90000 	C:\Windows\System32\windows.storage.dll
0x00007ffcc4250000 - 0x00007ffcc4273000 	C:\Windows\System32\profapi.dll
0x00007ffcc42a0000 - 0x00007ffcc42ea000 	C:\Windows\System32\powrprof.dll
0x00007ffcc4240000 - 0x00007ffcc4250000 	C:\Windows\System32\UMPDC.dll
0x00007ffcc7220000 - 0x00007ffcc7272000 	C:\Windows\System32\shlwapi.dll
0x00007ffcc42f0000 - 0x00007ffcc4301000 	C:\Windows\System32\kernel.appcore.dll
0x00007ffcc4ec0000 - 0x00007ffcc4ed7000 	C:\Windows\System32\cryptsp.dll
0x00007ffcc0240000 - 0x00007ffcc024d000 	C:\Program Files\Java\jre1.8.0_241\bin\management.dll
0x00007ffca2430000 - 0x00007ffca244a000 	C:\Program Files\Java\jre1.8.0_241\bin\net.dll
0x00007ffcc3430000 - 0x00007ffcc3497000 	C:\Windows\system32\mswsock.dll
0x00007ffc8db60000 - 0x00007ffc8db76000 	C:\Windows\system32\napinsp.dll
0x00007ffc8db40000 - 0x00007ffc8db5a000 	C:\Windows\system32\pnrpnsp.dll
0x00007ffcc3180000 - 0x00007ffcc324a000 	C:\Windows\SYSTEM32\DNSAPI.dll
0x00007ffcc6540000 - 0x00007ffcc6548000 	C:\Windows\System32\NSI.dll
0x00007ffcc3140000 - 0x00007ffcc317a000 	C:\Windows\SYSTEM32\IPHLPAPI.DLL
0x00007ffc8db30000 - 0x00007ffc8db3e000 	C:\Windows\System32\winrnr.dll
0x00007ffcc00b0000 - 0x00007ffcc00cc000 	C:\Windows\system32\NLAapi.dll
0x00007ffcbef60000 - 0x00007ffcbef75000 	C:\Windows\system32\wshbth.dll
0x000000005aff0000 - 0x000000005b016000 	C:\Program Files\Bonjour\mdnsNSP.dll
0x00007ffcb3be0000 - 0x00007ffcb3bea000 	C:\Windows\System32\rasadhlp.dll
0x00007ffcb7f60000 - 0x00007ffcb7fd7000 	C:\Windows\System32\fwpuclnt.dll
0x00007ffcc4d40000 - 0x00007ffcc4d66000 	C:\Windows\System32\bcrypt.dll
0x00007ffca1cc0000 - 0x00007ffca1cd2000 	C:\Program Files\Java\jre1.8.0_241\bin\nio.dll
0x00007ffcc2fa0000 - 0x00007ffcc2fd3000 	C:\Windows\system32\rsaenh.dll
0x00007ffcc4160000 - 0x00007ffcc4185000 	C:\Windows\SYSTEM32\USERENV.dll
0x00007ffcc3600000 - 0x00007ffcc360c000 	C:\Windows\SYSTEM32\CRYPTBASE.dll
0x00007ffcb9650000 - 0x00007ffcb9666000 	C:\Windows\SYSTEM32\dhcpcsvc6.DLL
0x00007ffcb9630000 - 0x00007ffcb964c000 	C:\Windows\SYSTEM32\dhcpcsvc.DLL

VM Arguments:
jvm_args: -Dfile.encoding=UTF-8 
java_command: com.project.ProjectJeeApplication
java_class_path (initial): C:\Users\Haraj\git\Project\ProjectJEE\target\classes;C:\Users\Haraj\.m2\repository\org\springframework\boot\spring-boot-starter-data-jpa\2.2.4.RELEASE\spring-boot-starter-data-jpa-2.2.4.RELEASE.jar;C:\Users\Haraj\.m2\repository\org\springframework\boot\spring-boot-starter-aop\2.2.4.RELEASE\spring-boot-starter-aop-2.2.4.RELEASE.jar;C:\Users\Haraj\.m2\repository\org\springframework\spring-aop\5.2.3.RELEASE\spring-aop-5.2.3.RELEASE.jar;C:\Users\Haraj\.m2\repository\org\aspectj\aspectjweaver\1.9.5\aspectjweaver-1.9.5.jar;C:\Users\Haraj\.m2\repository\org\springframework\boot\spring-boot-starter-jdbc\2.2.4.RELEASE\spring-boot-starter-jdbc-2.2.4.RELEASE.jar;C:\Users\Haraj\.m2\repository\com\zaxxer\HikariCP\3.4.2\HikariCP-3.4.2.jar;C:\Users\Haraj\.m2\repository\org\springframework\spring-jdbc\5.2.3.RELEASE\spring-jdbc-5.2.3.RELEASE.jar;C:\Users\Haraj\.m2\repository\jakarta\activation\jakarta.activation-api\1.2.1\jakarta.activation-api-1.2.1.jar;C:\Users\Haraj\.m2\repository\jakarta\persistence\jakarta.persistence-api\2.2.3\jakarta.persistence-api-2.2.3.jar;C:\Users\Haraj\.m2\repository\jakarta\transaction\jakarta.transaction-api\1.3.3\jakarta.transaction-api-1.3.3.jar;C:\Users\Haraj\.m2\repository\org\hibernate\hibernate-core\5.4.10.Final\hibernate-core-5.4.10.Final.jar;C:\Users\Haraj\.m2\repository\org\jboss\logging\jboss-logging\3.4.1.Final\jboss-logging-3.4.1.Final.jar;C:\Users\Haraj\.m2\repository\org\javassist\javassist\3.24.0-GA\javassist-3.24.0-GA.jar;C:\Users\Haraj\.m2\repository\net\bytebuddy\byte-buddy\1.10.6\byte-buddy-1.10.6.jar;C:\Users\Haraj\.m2\repository\antlr\antlr\2.7.7\antlr-2.7.7.jar;C:\Users\Haraj\.m2\repository\org\jboss\jandex\2.1.1.Final\jandex-2.1.1.Final.jar;C:\Users\Haraj\.m2\repository\com\fasterxml\classmate\1.5.1\classmate-1.5.1.jar;C:\Users\Haraj\.m2\repository\org\dom4j\dom4j\2.1.1\dom4j-2.1.1.jar;C:\Users\Haraj\.m2\repository\org\hibernate\common\hibernate-commons-annotations\5.1.0.Final\hibernate-commons-annota
Launcher Type: SUN_STANDARD

Environment Variables:
PATH=C:/Program Files/Java/jre1.8.0_241/bin/server;C:/Program Files/Java/jre1.8.0_241/bin;C:/Program Files/Java/jre1.8.0_241/lib/amd64;C:\Program Files (x86)\Common Files\Oracle\Java\javapath;C:\Windows\system32;C:\Windows;C:\Windows\System32\Wbem;C:\Windows\System32\WindowsPowerShell\v1.0\;C:\Windows\System32\OpenSSH\;C:\Program Files\nodejs\;C:\Users\Haraj\AppData\Local\Microsoft\WindowsApps;C:\Users\Haraj\AppData\Local\Programs\Microsoft VS Code\bin;C:\Users\Haraj\AppData\Roaming\npm;C:\Users\Haraj\Desktop;
USERNAME=Haraj
OS=Windows_NT
PROCESSOR_IDENTIFIER=Intel64 Family 6 Model 69 Stepping 1, GenuineIntel



---------------  S Y S T E M  ---------------

OS: Windows 10.0 , 64 bit Build 18362 (10.0.18362.329)

CPU:total 4 (initial active 4) (2 cores per cpu, 2 threads per core) family 6 model 69 stepping 1, cmov, cx8, fxsr, mmx, sse, sse2, sse3, ssse3, sse4.1, sse4.2, popcnt, avx, avx2, aes, clmul, erms, lzcnt, ht, tsc, tscinvbit, bmi1, bmi2

Memory: 4k page, physical 4072556k(215416k free), swap 16655468k(2696k free)

vm_info: Java HotSpot(TM) 64-Bit Server VM (25.241-b07) for windows-amd64 JRE (1.8.0_241-b07), built on Dec 11 2019 10:21:40 by "rejava" with MS VC++ 10.0 (VS2010)

time: Tue Mar 31 14:02:39 2020
timezone: Maroc (heure d’été)
elapsed time: 248 seconds (0d 0h 4m 8s)

